<?xml version="1.0" encoding="UTF-8"?>
<coverage generated="1709816270051" clover="3.2.0">
  <project timestamp="1709816270051" name="All files">
    <metrics statements="14" coveredstatements="14" conditionals="14" coveredconditionals="13" methods="2" coveredmethods="2" elements="30" coveredelements="29" complexity="0" loc="14" ncloc="14" packages="1" files="2" classes="2"/>
    <file name="convertFormData.ts" path="/Users/a1/React_01.24/React_01.24/src/utils/convertFormData.ts">
      <metrics statements="10" coveredstatements="10" conditionals="14" coveredconditionals="13" methods="1" coveredmethods="1"/>
      <line num="3" count="1" type="stmt"/>
      <line num="4" count="2" type="stmt"/>
      <line num="6" count="2" type="cond" truecount="2" falsecount="0"/>
      <line num="7" count="2" type="cond" truecount="2" falsecount="0"/>
      <line num="8" count="2" type="cond" truecount="2" falsecount="0"/>
      <line num="10" count="2" type="cond" truecount="2" falsecount="0"/>
      <line num="12" count="2" type="cond" truecount="3" falsecount="1"/>
      <line num="13" count="2" type="cond" truecount="2" falsecount="0"/>
      <line num="15" count="2" type="stmt"/>
      <line num="25" count="1" type="stmt"/>
    </file>
    <file name="convertSecondsToDisplay.ts" path="/Users/a1/React_01.24/React_01.24/src/utils/convertSecondsToDisplay.ts">
      <metrics statements="4" coveredstatements="4" conditionals="0" coveredconditionals="0" methods="1" coveredmethods="1"/>
      <line num="7" count="1" type="stmt"/>
      <line num="8" count="1" type="stmt"/>
      <line num="10" count="1" type="stmt"/>
      <line num="16" count="1" type="stmt"/>
    </file>
  </project>
</coverage>
