{"/Users/a1/React_01.24/React_01.24/src/utils/convertFormData.ts": {"path":"/Users/a1/React_01.24/React_01.24/src/utils/convertFormData.ts","statementMap":{"0":{"start":{"line":3,"column":24},"end":{"line":23,"column":1}},"1":{"start":{"line":4,"column":67},"end":{"line":4,"column":71}},"2":{"start":{"line":6,"column":26},"end":{"line":6,"column":82}},"3":{"start":{"line":7,"column":28},"end":{"line":7,"column":79}},"4":{"start":{"line":8,"column":30},"end":{"line":8,"column":75}},"5":{"start":{"line":10,"column":4},"end":{"line":10,"column":75}},"6":{"start":{"line":12,"column":4},"end":{"line":12,"column":98}},"7":{"start":{"line":13,"column":24},"end":{"line":13,"column":76}},"8":{"start":{"line":15,"column":2},"end":{"line":22,"column":null}},"9":{"start":{"line":25,"column":0},"end":{"line":25,"column":null}}},"fnMap":{"0":{"name":"(anonymous_0)","decl":{"start":{"line":3,"column":24},"end":{"line":3,"column":25}},"loc":{"start":{"line":3,"column":47},"end":{"line":23,"column":1}}}},"branchMap":{"0":{"loc":{"start":{"line":6,"column":26},"end":{"line":6,"column":82}},"type":"cond-expr","locations":[{"start":{"line":6,"column":61},"end":{"line":6,"column":63}},{"start":{"line":6,"column":66},"end":{"line":6,"column":82}}]},"1":{"loc":{"start":{"line":7,"column":28},"end":{"line":7,"column":79}},"type":"cond-expr","locations":[{"start":{"line":7,"column":63},"end":{"line":7,"column":68}},{"start":{"line":7,"column":71},"end":{"line":7,"column":79}}]},"2":{"loc":{"start":{"line":8,"column":30},"end":{"line":8,"column":75}},"type":"cond-expr","locations":[{"start":{"line":8,"column":57},"end":{"line":8,"column":62}},{"start":{"line":8,"column":65},"end":{"line":8,"column":75}}]},"3":{"loc":{"start":{"line":10,"column":4},"end":{"line":10,"column":75}},"type":"cond-expr","locations":[{"start":{"line":10,"column":43},"end":{"line":10,"column":48}},{"start":{"line":10,"column":51},"end":{"line":10,"column":75}}]},"4":{"loc":{"start":{"line":12,"column":4},"end":{"line":12,"column":98}},"type":"cond-expr","locations":[{"start":{"line":12,"column":39},"end":{"line":12,"column":44}},{"start":{"line":12,"column":47},"end":{"line":12,"column":98}}]},"5":{"loc":{"start":{"line":12,"column":47},"end":{"line":12,"column":98}},"type":"cond-expr","locations":[{"start":{"line":12,"column":76},"end":{"line":12,"column":86}},{"start":{"line":12,"column":89},"end":{"line":12,"column":98}}]},"6":{"loc":{"start":{"line":13,"column":24},"end":{"line":13,"column":76}},"type":"cond-expr","locations":[{"start":{"line":13,"column":58},"end":{"line":13,"column":59}},{"start":{"line":13,"column":62},"end":{"line":13,"column":76}}]}},"s":{"0":1,"1":2,"2":2,"3":2,"4":2,"5":2,"6":2,"7":2,"8":2,"9":1},"f":{"0":2},"b":{"0":[1,1],"1":[1,1],"2":[1,1],"3":[1,1],"4":[1,1],"5":[1,0],"6":[1,1]}}
,"/Users/a1/React_01.24/React_01.24/src/utils/convertSecondsToDisplay.ts": {"path":"/Users/a1/React_01.24/React_01.24/src/utils/convertSecondsToDisplay.ts","statementMap":{"0":{"start":{"line":7,"column":27},"end":{"line":7,"column":39}},"1":{"start":{"line":8,"column":27},"end":{"line":8,"column":60}},"2":{"start":{"line":10,"column":2},"end":{"line":13,"column":null}},"3":{"start":{"line":16,"column":0},"end":{"line":16,"column":null}}},"fnMap":{"0":{"name":"convertSecondsToDisplay","decl":{"start":{"line":6,"column":9},"end":{"line":6,"column":32}},"loc":{"start":{"line":6,"column":48},"end":{"line":14,"column":1}}}},"branchMap":{},"s":{"0":1,"1":1,"2":1,"3":1},"f":{"0":1},"b":{}}
}
