TN:
SF:src/utils/convertFormData.ts
FN:3,(anonymous_0)
FNF:1
FNH:1
FNDA:2,(anonymous_0)
DA:3,1
DA:4,2
DA:6,2
DA:7,2
DA:8,2
DA:10,2
DA:12,2
DA:13,2
DA:15,2
DA:25,1
LF:10
LH:10
BRDA:6,0,0,1
BRDA:6,0,1,1
BRDA:7,1,0,1
BRDA:7,1,1,1
BRDA:8,2,0,1
BRDA:8,2,1,1
BRDA:10,3,0,1
BRDA:10,3,1,1
BRDA:12,4,0,1
BRDA:12,4,1,1
BRDA:12,5,0,1
BRDA:12,5,1,0
BRDA:13,6,0,1
BRDA:13,6,1,1
BRF:14
BRH:13
end_of_record
TN:
SF:src/utils/convertSecondsToDisplay.ts
FN:6,convertSecondsToDisplay
FNF:1
FNH:1
FNDA:1,convertSecondsToDisplay
DA:7,1
DA:8,1
DA:10,1
DA:16,1
LF:4
LH:4
BRF:0
BRH:0
end_of_record
